
> truckingsemis-frontend@0.1.0 dev
> next dev

  ▲ Next.js 14.2.28
  - Local:        http://localhost:3000
  - Environments: .env
  - Experiments (use with caution):
    · scrollRestoration

 ✓ Starting...
2025-05-09T02:04:07.461Z next:router-server:filesystem nextDataRoutes Set(0) {}
2025-05-09T02:04:07.463Z next:router-server:filesystem dynamicRoutes []
2025-05-09T02:04:07.463Z next:router-server:filesystem pageFiles Set(0) {}
2025-05-09T02:04:07.464Z next:router-server:filesystem appFiles Set(0) {}
2025-05-09T02:04:08.742Z next:jsconfig-paths-plugin tsconfig.json or jsconfig.json paths: { '@/*': [ './src/*' ] }
2025-05-09T02:04:08.742Z next:jsconfig-paths-plugin resolved baseUrl: {
  baseUrl: '/var/home/jimbo/Documents/Truckers/frontend',
  isImplicit: true
}
2025-05-09T02:04:08.764Z next:jsconfig-paths-plugin tsconfig.json or jsconfig.json paths: { '@/*': [ './src/*' ] }
2025-05-09T02:04:08.766Z next:jsconfig-paths-plugin resolved baseUrl: {
  baseUrl: '/var/home/jimbo/Documents/Truckers/frontend',
  isImplicit: true
}
2025-05-09T02:04:08.800Z next:jsconfig-paths-plugin tsconfig.json or jsconfig.json paths: { '@/*': [ './src/*' ] }
2025-05-09T02:04:08.800Z next:jsconfig-paths-plugin resolved baseUrl: {
  baseUrl: '/var/home/jimbo/Documents/Truckers/frontend',
  isImplicit: true
}
 ✓ Ready in 3.1s
2025-05-09T02:04:11.166Z next:start-server start-server process cleanup
[?25h
(node:23407) WARNING: Exited the environment with code 0
    at exit (node:internal/process/per_thread:189:13)
    at handleSessionStop (/var/home/jimbo/Documents/Truckers/frontend/node_modules/next/dist/cli/next-dev.js:128:13)
    at processTicksAndRejections (node:internal/process/task_queues:105:5)

(node:23396) WARNING: Exited the environment with code 0
    at exit (node:internal/process/per_thread:189:13)
    at /usr/lib/node_modules_22/npm/lib/cli/exit-handler.js:169:21
    at afterWrite (node:internal/streams/writable:710:5)
    at afterWriteTick (node:internal/streams/writable:696:10)
    at processTicksAndRejections (node:internal/process/task_queues:89:21)

